<?xml version="1.0" encoding="UTF-8"?>
<testsuite xmlns:xsi="http://www.w3.org/2001/XMLSchema-instance" xsi:noNamespaceSchemaLocation="https://maven.apache.org/surefire/maven-surefire-plugin/xsd/surefire-test-report-3.0.xsd" version="3.0" name="controller.BankTest" time="0.265" tests="10" errors="0" skipped="0" failures="0">
  <properties>
[...]
</properties>
  <testcase name="testTransferInvalidAccountDoesNothing" classname="controller.BankTest" time="0.105">
    <system-out><![CDATA[Could not find account associated to 999
Could not find account associated to 999
]]></system-out>
  </testcase>
  <testcase name="testDepositIncreasesBalance" classname="controller.BankTest" time="0.006">
    <system-out><![CDATA[Successfully deposited 50.00!
]]></system-out>
  </testcase>
  <testcase name="testWithdrawOnInvalidAccountDoesNothing" classname="controller.BankTest" time="0.008">
    <system-out><![CDATA[Could not find account associated to 999
]]></system-out>
  </testcase>
  <testcase name="testCreateAccountAddsAccount" classname="controller.BankTest" time="0.005"/>
  <testcase name="testAccountNumberIncrements" classname="controller.BankTest" time="0.003">
    <system-out><![CDATA[Could not find account associated to 3
]]></system-out>
  </testcase>
  <testcase name="testTransferSuccess" classname="controller.BankTest" time="0.008">
    <system-out><![CDATA[Successfully withdrew 50.00!
Successfully deposited 50.00!
]]></system-out>
  </testcase>
  <testcase name="testDepositOnInvalidAccountDoesNothing" classname="controller.BankTest" time="0.005">
    <system-out><![CDATA[Could not find account associated to 999
]]></system-out>
  </testcase>
  <testcase name="testWithdrawDecreasesBalance" classname="controller.BankTest" time="0.007">
    <system-out><![CDATA[Successfully withdrew 30.00!
]]></system-out>
  </testcase>
  <testcase name="testLookupInvalidAccountReturnsNull" classname="controller.BankTest" time="0.006">
    <system-out><![CDATA[Could not find account associated to 999
]]></system-out>
  </testcase>
  <testcase name="testTransferInsufficientFundsDoesNothing" classname="controller.BankTest" time="0.003"/>
</testsuite>