<?xml version="1.0" encoding="UTF-8"?>
<testsuite xmlns:xsi="http://www.w3.org/2001/XMLSchema-instance" xsi:noNamespaceSchemaLocation="https://maven.apache.org/surefire/maven-surefire-plugin/xsd/surefire-test-report-3.0.xsd" version="3.0" name="test.BankAccountTest" time="0.137" tests="3" errors="0" skipped="0" failures="0">
  <properties>
[...]
</properties>
  <testcase name="testWithdraw" classname="test.BankAccountTest" time="0.077">
    <system-out><![CDATA[Successfully withdrew 50.00!
]]></system-out>
  </testcase>
  <testcase name="testInsufficientFunds" classname="test.BankAccountTest" time="0.002">
    <system-out><![CDATA[Error, insufficient funds!

]]></system-out>
  </testcase>
  <testcase name="testDeposit" classname="test.BankAccountTest" time="0.003">
    <system-out><![CDATA[Successfully deposited 30.00!
]]></system-out>
  </testcase>
</testsuite>